# JRE version: Java(TM) SE Runtime Environment (8.0_25-b18) (build 1.8.0_25-b18)
# Java VM: Java HotSpot(TM) 64-Bit Server VM (25.25-b02 mixed mode windows-amd64 compressed oops)
Heap:
 PSYoungGen      total 430592K, used 277717K [0x000000076ab00000, 0x000000078f400000, 0x00000007c0000000)
  eden space 325120K, 52% used [0x000000076ab00000,0x000000077533ca70,0x000000077e880000)
  from space 105472K, 99% used [0x0000000786480000,0x000000078cb78a68,0x000000078cb80000)
  to   space 126976K, 0% used [0x000000077e880000,0x000000077e880000,0x0000000786480000)
 ParOldGen       total 381440K, used 248302K [0x00000006c0000000, 0x00000006d7480000, 0x000000076ab00000)
  object space 381440K, 65% used [0x00000006c0000000,0x00000006cf27b8e8,0x00000006d7480000)
 Metaspace       used 6710K, capacity 7320K, committed 7680K, reserved 1056768K
  class space    used 633K, capacity 656K, committed 768K, reserved 1048576K
GC Heap History (10 events):
Event: 14.186 GC heap before
{Heap before GC invocations=15 (full 2):
 PSYoungGen      total 328192K, used 317534K [0x000000076ab00000, 0x0000000787380000, 0x00000007c0000000)
  eden space 265216K, 100% used [0x000000076ab00000,0x000000077ae00000,0x000000077ae00000)
  from space 62976K, 83% used [0x000000077f480000,0x0000000782797b28,0x0000000783200000)
  to   space 72192K, 0% used [0x000000077ae00000,0x000000077ae00000,0x000000077f480000)
 ParOldGen       total 236544K, used 133151K [0x00000006c0000000, 0x00000006ce700000, 0x000000076ab00000)
  object space 236544K, 56% used [0x00000006c0000000,0x00000006c8207e18,0x00000006ce700000)
 Metaspace       used 6669K, capacity 7320K, committed 7680K, reserved 1056768K
  class space    used 632K, capacity 656K, committed 768K, reserved 1048576K
Event: 14.358 GC heap after
Heap after GC invocations=15 (full 2):
 PSYoungGen      total 337408K, used 72161K [0x000000076ab00000, 0x0000000788c00000, 0x00000007c0000000)
  eden space 265216K, 0% used [0x000000076ab00000,0x000000076ab00000,0x000000077ae00000)
  from space 72192K, 99% used [0x000000077ae00000,0x000000077f4786c0,0x000000077f480000)
  to   space 91136K, 0% used [0x0000000783300000,0x0000000783300000,0x0000000788c00000)
 ParOldGen       total 236544K, used 151770K [0x00000006c0000000, 0x00000006ce700000, 0x000000076ab00000)
  object space 236544K, 64% used [0x00000006c0000000,0x00000006c9436948,0x00000006ce700000)
 Metaspace       used 6669K, capacity 7320K, committed 7680K, reserved 1056768K
  class space    used 632K, capacity 656K, committed 768K, reserved 1048576K
}
Event: 27.476 GC heap before
{Heap before GC invocations=16 (full 2):
 PSYoungGen      total 337408K, used 337377K [0x000000076ab00000, 0x0000000788c00000, 0x00000007c0000000)
  eden space 265216K, 100% used [0x000000076ab00000,0x000000077ae00000,0x000000077ae00000)
  from space 72192K, 99% used [0x000000077ae00000,0x000000077f4786c0,0x000000077f480000)
  to   space 91136K, 0% used [0x0000000783300000,0x0000000783300000,0x0000000788c00000)
 ParOldGen       total 236544K, used 151770K [0x00000006c0000000, 0x00000006ce700000, 0x000000076ab00000)
  object space 236544K, 64% used [0x00000006c0000000,0x00000006c9436948,0x00000006ce700000)
 Metaspace       used 6700K, capacity 7320K, committed 7680K, reserved 1056768K
  class space    used 633K, capacity 656K, committed 768K, reserved 1048576K
Event: 27.640 GC heap after
Heap after GC invocations=16 (full 2):
 PSYoungGen      total 394240K, used 69199K [0x000000076ab00000, 0x0000000789300000, 0x00000007c0000000)
  eden space 303104K, 0% used [0x000000076ab00000,0x000000076ab00000,0x000000077d300000)
  from space 91136K, 75% used [0x0000000783300000,0x0000000787693df8,0x0000000788c00000)
  to   space 98304K, 0% used [0x000000077d300000,0x000000077d300000,0x0000000783300000)
 ParOldGen       total 236544K, used 195621K [0x00000006c0000000, 0x00000006ce700000, 0x000000076ab00000)
  object space 236544K, 82% used [0x00000006c0000000,0x00000006cbf095e8,0x00000006ce700000)
 Metaspace       used 6700K, capacity 7320K, committed 7680K, reserved 1056768K
  class space    used 633K, capacity 656K, committed 768K, reserved 1048576K
}
Event: 27.640 GC heap before
{Heap before GC invocations=17 (full 3):
 PSYoungGen      total 394240K, used 69199K [0x000000076ab00000, 0x0000000789300000, 0x00000007c0000000)
  eden space 303104K, 0% used [0x000000076ab00000,0x000000076ab00000,0x000000077d300000)
  from space 91136K, 75% used [0x0000000783300000,0x0000000787693df8,0x0000000788c00000)
  to   space 98304K, 0% used [0x000000077d300000,0x000000077d300000,0x0000000783300000)
 ParOldGen       total 236544K, used 195621K [0x00000006c0000000, 0x00000006ce700000, 0x000000076ab00000)
  object space 236544K, 82% used [0x00000006c0000000,0x00000006cbf095e8,0x00000006ce700000)
 Metaspace       used 6700K, capacity 7320K, committed 7680K, reserved 1056768K
  class space    used 633K, capacity 656K, committed 768K, reserved 1048576K
Event: 29.182 GC heap after
Heap after GC invocations=17 (full 3):
 PSYoungGen      total 394240K, used 26431K [0x000000076ab00000, 0x0000000789300000, 0x00000007c0000000)
  eden space 303104K, 0% used [0x000000076ab00000,0x000000076ab00000,0x000000077d300000)
  from space 91136K, 29% used [0x0000000783300000,0x0000000784ccfd98,0x0000000788c00000)
  to   space 98304K, 0% used [0x000000077d300000,0x000000077d300000,0x0000000783300000)
 ParOldGen       total 381440K, used 236274K [0x00000006c0000000, 0x00000006d7480000, 0x000000076ab00000)
  object space 381440K, 61% used [0x00000006c0000000,0x00000006ce6bc9e0,0x00000006d7480000)
 Metaspace       used 6700K, capacity 7320K, committed 7680K, reserved 1056768K
  class space    used 633K, capacity 656K, committed 768K, reserved 1048576K
}
Event: 34.631 GC heap before
{Heap before GC invocations=18 (full 3):
 PSYoungGen      total 394240K, used 329535K [0x000000076ab00000, 0x0000000789300000, 0x00000007c0000000)
  eden space 303104K, 100% used [0x000000076ab00000,0x000000077d300000,0x000000077d300000)
  from space 91136K, 29% used [0x0000000783300000,0x0000000784ccfd98,0x0000000788c00000)
  to   space 98304K, 0% used [0x000000077d300000,0x000000077d300000,0x0000000783300000)
 ParOldGen       total 381440K, used 236274K [0x00000006c0000000, 0x00000006d7480000, 0x000000076ab00000)
  object space 381440K, 61% used [0x00000006c0000000,0x00000006ce6bc9e0,0x00000006d7480000)
 Metaspace       used 6708K, capacity 7320K, committed 7680K, reserved 1056768K
  class space    used 633K, capacity 656K, committed 768K, reserved 1048576K
Event: 34.778 GC heap after
Heap after GC invocations=18 (full 3):
 PSYoungGen      total 401408K, used 73016K [0x000000076ab00000, 0x000000078cb80000, 0x00000007c0000000)
  eden space 303104K, 0% used [0x000000076ab00000,0x000000076ab00000,0x000000077d300000)
  from space 98304K, 74% used [0x000000077d300000,0x0000000781a4e090,0x0000000783300000)
  to   space 105472K, 0% used [0x0000000786480000,0x0000000786480000,0x000000078cb80000)
 ParOldGen       total 381440K, used 236282K [0x00000006c0000000, 0x00000006d7480000, 0x000000076ab00000)
  object space 381440K, 61% used [0x00000006c0000000,0x00000006ce6be9e0,0x00000006d7480000)
 Metaspace       used 6708K, capacity 7320K, committed 7680K, reserved 1056768K
  class space    used 633K, capacity 656K, committed 768K, reserved 1048576K
}
Event: 38.722 GC heap before
{Heap before GC invocations=19 (full 3):
 PSYoungGen      total 401408K, used 376120K [0x000000076ab00000, 0x000000078cb80000, 0x00000007c0000000)
  eden space 303104K, 100% used [0x000000076ab00000,0x000000077d300000,0x000000077d300000)
  from space 98304K, 74% used [0x000000077d300000,0x0000000781a4e090,0x0000000783300000)
  to   space 105472K, 0% used [0x0000000786480000,0x0000000786480000,0x000000078cb80000)
 ParOldGen       total 381440K, used 236282K [0x00000006c0000000, 0x00000006d7480000, 0x000000076ab00000)
  object space 381440K, 61% used [0x00000006c0000000,0x00000006ce6be9e0,0x00000006d7480000)
 Metaspace       used 6709K, capacity 7320K, committed 7680K, reserved 1056768K
  class space    used 633K, capacity 656K, committed 768K, reserved 1048576K
Event: 38.882 GC heap after
Heap after GC invocations=19 (full 3):
 PSYoungGen      total 430592K, used 105442K [0x000000076ab00000, 0x000000078f400000, 0x00000007c0000000)
  eden space 325120K, 0% used [0x000000076ab00000,0x000000076ab00000,0x000000077e880000)
  from space 105472K, 99% used [0x0000000786480000,0x000000078cb78a68,0x000000078cb80000)
  to   space 126976K, 0% used [0x000000077e880000,0x000000077e880000,0x0000000786480000)
 ParOldGen       total 381440K, used 248302K [0x00000006c0000000, 0x00000006d7480000, 0x000000076ab00000)
  object space 381440K, 65% used [0x00000006c0000000,0x00000006cf27b8e8,0x00000006d7480000)
 Metaspace       used 6709K, capacity 7320K, committed 7680K, reserved 1056768K
  class space    used 633K, capacity 656K, committed 768K, reserved 1048576K
}

